[2022-06-22 16:39:15,572 INFO root] Taurus CLI Tool v1.16.3
[2022-06-22 16:39:15,572 DEBUG root] Build: 14273 Thu Jan 27 17:46:44 UTC 2022
[2022-06-22 16:39:15,572 DEBUG root] Extended git info:  683c2b70 Release 1.16.3
[2022-06-22 16:39:15,573 DEBUG root] Command-line options: {'log': '/var/folders/3w/89gsk1z94zd_rzqk1_csgw6r0000gn/T/bzt_cbn1j2it.log', 'option': None, 'quiet': None, 'verbose': None, 'no_system_configs': None, 'aliases': ['report']}
[2022-06-22 16:39:15,573 DEBUG root] Python: CPython 3.9.12
[2022-06-22 16:39:15,573 DEBUG root] OS: uname_result(system='Darwin', node='BA-00002663.local', release='20.6.0', version='Darwin Kernel Version 20.6.0: Wed Nov 10 22:23:07 PST 2021; root:xnu-7195.141.14~1/RELEASE_X86_64', machine='x86_64')
[2022-06-22 16:39:15,573 DEBUG root] Path to interpreter: /usr/local/Cellar/bzt/1.16.3/libexec/bin/python3.9
[2022-06-22 16:39:15,573 DEBUG root] Path to packages: ['/usr/local/Cellar/bzt/1.16.3/libexec/bin', '/usr/local/Cellar/python@3.9/3.9.12/Frameworks/Python.framework/Versions/3.9/lib/python39.zip', '/usr/local/Cellar/python@3.9/3.9.12/Frameworks/Python.framework/Versions/3.9/lib/python3.9', '/usr/local/Cellar/python@3.9/3.9.12/Frameworks/Python.framework/Versions/3.9/lib/python3.9/lib-dynload', '/usr/local/Cellar/bzt/1.16.3/libexec/lib/python3.9/site-packages', '/usr/local/opt/numpy/lib/python3.9/site-packages', '/usr/local/opt/six/lib/python3.9/site-packages', '/usr/local/lib/python3.9/site-packages']
[2022-06-22 16:39:15,574 DEBUG root] Default python: /usr/bin/python
[2022-06-22 16:39:15,575 DEBUG root] Default python3: /usr/local/bin/python3
[2022-06-22 16:39:15,575 DEBUG root] Using personal config: /Users/rismanda.kusumadewi/.bzt-rc
[2022-06-22 16:39:15,575 INFO root] Starting with configs: ['/Users/rismanda.kusumadewi/.bzt-rc', 'taurus-test.yaml']
[2022-06-22 16:39:15,575 INFO Engine] Configuring...
[2022-06-22 16:39:15,604 DEBUG Engine] Base configs list: ['/usr/local/Cellar/bzt/1.16.3/libexec/lib/python3.9/site-packages/bzt/resources/10-base-config.yml']
[2022-06-22 16:39:15,604 DEBUG Engine.Configuration] Configs: ['/usr/local/Cellar/bzt/1.16.3/libexec/lib/python3.9/site-packages/bzt/resources/10-base-config.yml']
[2022-06-22 16:39:15,605 DEBUG Engine.Configuration] Reading /usr/local/Cellar/bzt/1.16.3/libexec/lib/python3.9/site-packages/bzt/resources/10-base-config.yml as YAML
[2022-06-22 16:39:15,629 DEBUG Engine] User configs list: ['/Users/rismanda.kusumadewi/.bzt-rc', 'taurus-test.yaml']
[2022-06-22 16:39:15,629 DEBUG Engine.Configuration] Configs: ['/Users/rismanda.kusumadewi/.bzt-rc', 'taurus-test.yaml']
[2022-06-22 16:39:15,632 DEBUG Engine.Configuration] Reading /Users/rismanda.kusumadewi/.bzt-rc as YAML
[2022-06-22 16:39:15,636 DEBUG Engine.Configuration] Reading taurus-test.yaml as YAML
[2022-06-22 16:39:15,639 DEBUG Engine.Configuration] Configs: ['/Users/rismanda.kusumadewi/.bzt-rc', 'taurus-test.yaml']
[2022-06-22 16:39:15,640 DEBUG Engine.Configuration] Reading /Users/rismanda.kusumadewi/.bzt-rc as YAML
[2022-06-22 16:39:15,643 DEBUG Engine.Configuration] Reading taurus-test.yaml as YAML
[2022-06-22 16:39:15,646 DEBUG Engine] Requesting updates info: https://gettaurus.org/updates/?version=1.16.3&installID=macos-f01898107cdb
[2022-06-22 16:39:15,646 DEBUG HTTPClient] Making HTTP request GET https://gettaurus.org/updates/?version=1.16.3&installID=macos-f01898107cdb
[2022-06-22 16:39:15,647 INFO Engine] Artifacts dir: /Users/rismanda.kusumadewi/sample_app/2022-06-22_16-39-15.647094
[2022-06-22 16:39:15,650 DEBUG Engine] New artifact filename: /Users/rismanda.kusumadewi/sample_app/2022-06-22_16-39-15.647094/effective
[2022-06-22 16:39:15,652 DEBUG Engine.Configuration] Dumping YAML config into /Users/rismanda.kusumadewi/sample_app/2022-06-22_16-39-15.647094/effective.yml
[2022-06-22 16:39:15,685 DEBUG Engine.Configuration] Dumping JSON config into /Users/rismanda.kusumadewi/sample_app/2022-06-22_16-39-15.647094/effective.json
[2022-06-22 16:39:15,687 DEBUG Engine] New artifact filename: /Users/rismanda.kusumadewi/sample_app/2022-06-22_16-39-15.647094/merged.yml
[2022-06-22 16:39:15,687 DEBUG Engine.Configuration] Dumping YAML config into /Users/rismanda.kusumadewi/sample_app/2022-06-22_16-39-15.647094/merged.yml
[2022-06-22 16:39:15,689 DEBUG Engine] New artifact filename: /Users/rismanda.kusumadewi/sample_app/2022-06-22_16-39-15.647094/merged.json
[2022-06-22 16:39:15,690 DEBUG Engine.Configuration] Dumping JSON config into /Users/rismanda.kusumadewi/sample_app/2022-06-22_16-39-15.647094/merged.json
[2022-06-22 16:39:15,691 DEBUG Engine] Add existing artifact (move=False): /Users/rismanda.kusumadewi/.bzt-rc
[2022-06-22 16:39:15,691 DEBUG Engine] Copying /Users/rismanda.kusumadewi/.bzt-rc to /Users/rismanda.kusumadewi/sample_app/2022-06-22_16-39-15.647094/.bzt-rc
[2022-06-22 16:39:15,692 DEBUG Engine] Add existing artifact (move=False): taurus-test.yaml
[2022-06-22 16:39:15,692 DEBUG Engine] Copying taurus-test.yaml to /Users/rismanda.kusumadewi/sample_app/2022-06-22_16-39-15.647094/taurus-test.yaml
[2022-06-22 16:39:15,693 DEBUG Engine] Set PYTHONPATH to :
	USER: '' +
	TEMP: '/Users/rismanda.kusumadewi/sample_app/2022-06-22_16-39-15.647094/python-packages/3.9.12' +
	CURRENT: '/Users/rismanda.kusumadewi/.bzt/python-packages/3.9.12'
[2022-06-22 16:39:15,693 DEBUG Engine] Content of user packages dir: []
[2022-06-22 16:39:15,694 DEBUG Engine] OS env: OBJC_DISABLE_INITIALIZE_FORK_SAFETY=YES
[2022-06-22 16:39:15,694 DEBUG Engine] OS env: TAURUS_ARTIFACTS_DIR=/Users/rismanda.kusumadewi/sample_app/2022-06-22_16-39-15.647094
[2022-06-22 16:39:15,694 DEBUG root] Closing log handler: /var/folders/3w/89gsk1z94zd_rzqk1_csgw6r0000gn/T/bzt_cbn1j2it.log
[2022-06-22 16:39:15,695 DEBUG root] Switched writing logs to /Users/rismanda.kusumadewi/sample_app/2022-06-22_16-39-15.647094/bzt.log
[2022-06-22 16:39:15,695 DEBUG root] Linting config
[2022-06-22 16:39:15,696 INFO Engine] Preparing...
[2022-06-22 16:39:15,697 DEBUG Engine] Module config: consolidator {'class': 'bzt.modules.aggregator.ConsolidatingAggregator'}
[2022-06-22 16:39:15,697 DEBUG root] Importing module: bzt.modules.aggregator
[2022-06-22 16:39:15,772 DEBUG urllib3.connectionpool] Starting new HTTPS connection (1): gettaurus.org:443
[2022-06-22 16:39:22,841 DEBUG HTTPClient] Request resulted in exception: Traceback (most recent call last):
  File "/usr/local/Cellar/bzt/1.16.3/libexec/lib/python3.9/site-packages/urllib3/connectionpool.py", line 703, in urlopen
    httplib_response = self._make_request(
  File "/usr/local/Cellar/bzt/1.16.3/libexec/lib/python3.9/site-packages/urllib3/connectionpool.py", line 386, in _make_request
    self._validate_conn(conn)
  File "/usr/local/Cellar/bzt/1.16.3/libexec/lib/python3.9/site-packages/urllib3/connectionpool.py", line 1040, in _validate_conn
    conn.connect()
  File "/usr/local/Cellar/bzt/1.16.3/libexec/lib/python3.9/site-packages/urllib3/connection.py", line 416, in connect
    self.sock = ssl_wrap_socket(
  File "/usr/local/Cellar/bzt/1.16.3/libexec/lib/python3.9/site-packages/urllib3/util/ssl_.py", line 449, in ssl_wrap_socket
    ssl_sock = _ssl_wrap_socket_impl(
  File "/usr/local/Cellar/bzt/1.16.3/libexec/lib/python3.9/site-packages/urllib3/util/ssl_.py", line 493, in _ssl_wrap_socket_impl
    return ssl_context.wrap_socket(sock, server_hostname=server_hostname)
  File "/usr/local/Cellar/python@3.9/3.9.12/Frameworks/Python.framework/Versions/3.9/lib/python3.9/ssl.py", line 500, in wrap_socket
    return self.sslsocket_class._create(
  File "/usr/local/Cellar/python@3.9/3.9.12/Frameworks/Python.framework/Versions/3.9/lib/python3.9/ssl.py", line 1040, in _create
    self.do_handshake()
  File "/usr/local/Cellar/python@3.9/3.9.12/Frameworks/Python.framework/Versions/3.9/lib/python3.9/ssl.py", line 1309, in do_handshake
    self._sslobj.do_handshake()
ssl.SSLCertVerificationError: [SSL: CERTIFICATE_VERIFY_FAILED] certificate verify failed: unable to get local issuer certificate (_ssl.c:1129)

During handling of the above exception, another exception occurred:

Traceback (most recent call last):
  File "/usr/local/Cellar/bzt/1.16.3/libexec/lib/python3.9/site-packages/requests/adapters.py", line 440, in send
    resp = conn.urlopen(
  File "/usr/local/Cellar/bzt/1.16.3/libexec/lib/python3.9/site-packages/urllib3/connectionpool.py", line 785, in urlopen
    retries = retries.increment(
  File "/usr/local/Cellar/bzt/1.16.3/libexec/lib/python3.9/site-packages/urllib3/util/retry.py", line 592, in increment
    raise MaxRetryError(_pool, url, error or ResponseError(cause))
urllib3.exceptions.MaxRetryError: HTTPSConnectionPool(host='gettaurus.org', port=443): Max retries exceeded with url: /updates/?version=1.16.3&installID=macos-f01898107cdb (Caused by SSLError(SSLCertVerificationError(1, '[SSL: CERTIFICATE_VERIFY_FAILED] certificate verify failed: unable to get local issuer certificate (_ssl.c:1129)')))

During handling of the above exception, another exception occurred:

Traceback (most recent call last):
  File "/usr/local/Cellar/bzt/1.16.3/libexec/lib/python3.9/site-packages/bzt/utils.py", line 1237, in request
    return self.session.request(method, url, *args, **kwargs)
  File "/usr/local/Cellar/bzt/1.16.3/libexec/lib/python3.9/site-packages/requests/sessions.py", line 529, in request
    resp = self.send(prep, **send_kwargs)
  File "/usr/local/Cellar/bzt/1.16.3/libexec/lib/python3.9/site-packages/requests/sessions.py", line 645, in send
    r = adapter.send(request, **kwargs)
  File "/usr/local/Cellar/bzt/1.16.3/libexec/lib/python3.9/site-packages/requests/adapters.py", line 517, in send
    raise SSLError(e, request=request)
requests.exceptions.SSLError: HTTPSConnectionPool(host='gettaurus.org', port=443): Max retries exceeded with url: /updates/?version=1.16.3&installID=macos-f01898107cdb (Caused by SSLError(SSLCertVerificationError(1, '[SSL: CERTIFICATE_VERIFY_FAILED] certificate verify failed: unable to get local issuer certificate (_ssl.c:1129)')))

[2022-06-22 16:39:22,860 DEBUG Engine] Failed to check for updates: Traceback (most recent call last):
  File "/usr/local/Cellar/bzt/1.16.3/libexec/lib/python3.9/site-packages/urllib3/connectionpool.py", line 703, in urlopen
    httplib_response = self._make_request(
  File "/usr/local/Cellar/bzt/1.16.3/libexec/lib/python3.9/site-packages/urllib3/connectionpool.py", line 386, in _make_request
    self._validate_conn(conn)
  File "/usr/local/Cellar/bzt/1.16.3/libexec/lib/python3.9/site-packages/urllib3/connectionpool.py", line 1040, in _validate_conn
    conn.connect()
  File "/usr/local/Cellar/bzt/1.16.3/libexec/lib/python3.9/site-packages/urllib3/connection.py", line 416, in connect
    self.sock = ssl_wrap_socket(
  File "/usr/local/Cellar/bzt/1.16.3/libexec/lib/python3.9/site-packages/urllib3/util/ssl_.py", line 449, in ssl_wrap_socket
    ssl_sock = _ssl_wrap_socket_impl(
  File "/usr/local/Cellar/bzt/1.16.3/libexec/lib/python3.9/site-packages/urllib3/util/ssl_.py", line 493, in _ssl_wrap_socket_impl
    return ssl_context.wrap_socket(sock, server_hostname=server_hostname)
  File "/usr/local/Cellar/python@3.9/3.9.12/Frameworks/Python.framework/Versions/3.9/lib/python3.9/ssl.py", line 500, in wrap_socket
    return self.sslsocket_class._create(
  File "/usr/local/Cellar/python@3.9/3.9.12/Frameworks/Python.framework/Versions/3.9/lib/python3.9/ssl.py", line 1040, in _create
    self.do_handshake()
  File "/usr/local/Cellar/python@3.9/3.9.12/Frameworks/Python.framework/Versions/3.9/lib/python3.9/ssl.py", line 1309, in do_handshake
    self._sslobj.do_handshake()
ssl.SSLCertVerificationError: [SSL: CERTIFICATE_VERIFY_FAILED] certificate verify failed: unable to get local issuer certificate (_ssl.c:1129)

During handling of the above exception, another exception occurred:

Traceback (most recent call last):
  File "/usr/local/Cellar/bzt/1.16.3/libexec/lib/python3.9/site-packages/requests/adapters.py", line 440, in send
    resp = conn.urlopen(
  File "/usr/local/Cellar/bzt/1.16.3/libexec/lib/python3.9/site-packages/urllib3/connectionpool.py", line 785, in urlopen
    retries = retries.increment(
  File "/usr/local/Cellar/bzt/1.16.3/libexec/lib/python3.9/site-packages/urllib3/util/retry.py", line 592, in increment
    raise MaxRetryError(_pool, url, error or ResponseError(cause))
urllib3.exceptions.MaxRetryError: HTTPSConnectionPool(host='gettaurus.org', port=443): Max retries exceeded with url: /updates/?version=1.16.3&installID=macos-f01898107cdb (Caused by SSLError(SSLCertVerificationError(1, '[SSL: CERTIFICATE_VERIFY_FAILED] certificate verify failed: unable to get local issuer certificate (_ssl.c:1129)')))

During handling of the above exception, another exception occurred:

Traceback (most recent call last):
  File "/usr/local/Cellar/bzt/1.16.3/libexec/lib/python3.9/site-packages/bzt/utils.py", line 1237, in request
    return self.session.request(method, url, *args, **kwargs)
  File "/usr/local/Cellar/bzt/1.16.3/libexec/lib/python3.9/site-packages/requests/sessions.py", line 529, in request
    resp = self.send(prep, **send_kwargs)
  File "/usr/local/Cellar/bzt/1.16.3/libexec/lib/python3.9/site-packages/requests/sessions.py", line 645, in send
    r = adapter.send(request, **kwargs)
  File "/usr/local/Cellar/bzt/1.16.3/libexec/lib/python3.9/site-packages/requests/adapters.py", line 517, in send
    raise SSLError(e, request=request)
requests.exceptions.SSLError: HTTPSConnectionPool(host='gettaurus.org', port=443): Max retries exceeded with url: /updates/?version=1.16.3&installID=macos-f01898107cdb (Caused by SSLError(SSLCertVerificationError(1, '[SSL: CERTIFICATE_VERIFY_FAILED] certificate verify failed: unable to get local issuer certificate (_ssl.c:1129)')))

During handling of the above exception, another exception occurred:

Traceback (most recent call last):
  File "/usr/local/Cellar/bzt/1.16.3/libexec/lib/python3.9/site-packages/bzt/engine/engine.py", line 728, in _check_updates
    response = client.request('GET', addr, timeout=10)
  File "/usr/local/Cellar/bzt/1.16.3/libexec/lib/python3.9/site-packages/bzt/utils.py", line 1244, in request
    raise TaurusNetworkError(msg)
bzt.TaurusNetworkError: Request to https://gettaurus.org/updates/?version=1.16.3&installID=macos-f01898107cdb failed

[2022-06-22 16:39:22,860 WARNING Engine] Failed to check for updates
[2022-06-22 16:39:22,967 DEBUG root] Loading class: 'ConsolidatingAggregator' from <module 'bzt.modules.aggregator' from '/usr/local/Cellar/bzt/1.16.3/libexec/lib/python3.9/site-packages/bzt/modules/aggregator.py'>
[2022-06-22 16:39:22,967 DEBUG Engine.consolidator] Buffer scaling setup: percentile 95.0 from [0.0, 50.0, 90.0, 95.0, 99.0, 99.9, 100.0] selected
[2022-06-22 16:39:22,967 DEBUG Engine] Module config: monitoring {'class': 'bzt.modules.monitoring.Monitoring'}
[2022-06-22 16:39:22,967 DEBUG root] Importing module: bzt.modules.monitoring
[2022-06-22 16:39:22,969 DEBUG root] Loading class: 'Monitoring' from <module 'bzt.modules.monitoring' from '/usr/local/Cellar/bzt/1.16.3/libexec/lib/python3.9/site-packages/bzt/modules/monitoring.py'>
[2022-06-22 16:39:22,970 DEBUG Engine] Module config: local {'class': 'bzt.modules.provisioning.Local'}
[2022-06-22 16:39:22,970 DEBUG root] Importing module: bzt.modules.provisioning
[2022-06-22 16:39:22,970 DEBUG root] Loading class: 'Local' from <module 'bzt.modules.provisioning' from '/usr/local/Cellar/bzt/1.16.3/libexec/lib/python3.9/site-packages/bzt/modules/provisioning.py'>
[2022-06-22 16:39:22,970 DEBUG Engine] Module config: jmeter {'class': 'bzt.modules.jmeter.JMeterExecutor', 'protocol-handlers': {'http': 'bzt.jmx.http.HTTPProtocolHandler', 'mqtt': 'bzt.jmx.mqtt.MQTTProtocolHandler'}, 'plugins': ['jpgc-casutg', 'jpgc-dummy', 'jpgc-ffw', 'jpgc-fifo', 'jpgc-functions', 'jpgc-json', 'jpgc-perfmon', 'jpgc-prmctl', 'jpgc-tst'], 'properties': {'jmeter.save.saveservice.autoflush': 'true', 'jmeter.save.saveservice.connect_time': 'true', 'jmeterengine.force.system.exit': 'true', 'summariser.name': ''}}
[2022-06-22 16:39:22,970 DEBUG root] Importing module: bzt.modules.jmeter
[2022-06-22 16:39:22,982 DEBUG root] Loading class: 'JMeterExecutor' from <module 'bzt.modules.jmeter' from '/usr/local/Cellar/bzt/1.16.3/libexec/lib/python3.9/site-packages/bzt/modules/jmeter.py'>
[2022-06-22 16:39:22,982 DEBUG Engine.local] Preparing executor: jmeter/4425278848
[2022-06-22 16:39:22,983 DEBUG Engine] New artifact filename: /Users/rismanda.kusumadewi/sample_app/2022-06-22_16-39-15.647094/jmeter.log
[2022-06-22 16:39:22,983 DEBUG Engine.jmeter] Checking if port 4445 is free
[2022-06-22 16:39:22,983 DEBUG Engine.jmeter] Port 4445 is free
[2022-06-22 16:39:22,983 DEBUG Engine.jmeter] Using port 4445 for management
[2022-06-22 16:39:22,983 DEBUG Engine] New artifact filename: /Users/rismanda.kusumadewi/sample_app/2022-06-22_16-39-15.647094/requests.jmx
[2022-06-22 16:39:22,986 DEBUG root] Importing module: bzt.jmx.http
[2022-06-22 16:39:22,986 DEBUG root] Loading class: 'HTTPProtocolHandler' from <module 'bzt.jmx.http' from '/usr/local/Cellar/bzt/1.16.3/libexec/lib/python3.9/site-packages/bzt/jmx/http.py'>
[2022-06-22 16:39:22,986 DEBUG root] Importing module: bzt.jmx.mqtt
[2022-06-22 16:39:22,987 DEBUG root] Loading class: 'MQTTProtocolHandler' from <module 'bzt.jmx.mqtt' from '/usr/local/Cellar/bzt/1.16.3/libexec/lib/python3.9/site-packages/bzt/jmx/mqtt.py'>
[2022-06-22 16:39:22,989 DEBUG JMeterScenarioBuilder] Saving JMX to: /Users/rismanda.kusumadewi/sample_app/2022-06-22_16-39-15.647094/requests.jmx
[2022-06-22 16:39:22,991 DEBUG Engine.jmeter] Additional system properties {'sun.net.inetaddr.ttl': 0}
[2022-06-22 16:39:22,991 DEBUG Engine] New artifact filename: /Users/rismanda.kusumadewi/sample_app/2022-06-22_16-39-15.647094/system.properties
[2022-06-22 16:39:22,992 DEBUG Engine.jmeter] Additional properties: {'jmeter.save.saveservice.autoflush': 'true', 'jmeter.save.saveservice.connect_time': 'true', 'jmeterengine.force.system.exit': 'true', 'summariser.name': '', 'jmeterengine.nongui.port': 4445, 'jmeterengine.nongui.maxport': 4445, 'jmeter.save.saveservice.timestamp_format': 'ms', 'sampleresult.default.encoding': 'UTF-8', 'user.classpath': '/Users/rismanda.kusumadewi/sample_app/2022-06-22_16-39-15.647094:/Users/rismanda.kusumadewi/sample_app/2022-06-22_16-39-15.647094'}
[2022-06-22 16:39:22,992 DEBUG Engine] New artifact filename: /Users/rismanda.kusumadewi/sample_app/2022-06-22_16-39-15.647094/jmeter-bzt.properties
[2022-06-22 16:39:22,992 DEBUG Engine.jmeter.JavaVM] Trying JavaVM: ['java', '-version']
[2022-06-22 16:39:22,993 DEBUG root] Executing shell: ['java', '-version'] at .
[2022-06-22 16:39:24,534 DEBUG Engine.jmeter.JavaVM] JavaVM output: java version "16.0.2" 2021-07-20
Java(TM) SE Runtime Environment (build 16.0.2+7-67)
Java HotSpot(TM) 64-Bit Server VM (build 16.0.2+7-67, mixed mode, sharing)

[2022-06-22 16:39:24,535 DEBUG Engine.jmeter.TclLibrary] We don't need to check tcl library on this platform
[2022-06-22 16:39:24,535 DEBUG Engine.jmeter.JMeter] Trying JMeter..
[2022-06-22 16:39:24,536 DEBUG root] Executing shell: ['/Users/rismanda.kusumadewi/.bzt/jmeter-taurus/5.4.2/bin/jmeter.sh', '-j', '/var/folders/3w/89gsk1z94zd_rzqk1_csgw6r0000gn/T/jmeteryiv2bbrvlog', '--version'] at .
[2022-06-22 16:39:27,345 DEBUG Engine.jmeter.JMeter] JMeter check:     _    ____   _    ____ _   _ _____       _ __  __ _____ _____ _____ ____
   / \  |  _ \ / \  / ___| | | | ____|     | |  \/  | ____|_   _| ____|  _ \
  / _ \ | |_) / _ \| |   | |_| |  _|    _  | | |\/| |  _|   | | |  _| | |_) |
 / ___ \|  __/ ___ \ |___|  _  | |___  | |_| | |  | | |___  | | | |___|  _ <
/_/   \_\_| /_/   \_\____|_| |_|_____|  \___/|_|  |_|_____| |_| |_____|_| \_\ 5.4.2

Copyright (c) 1999-2021 The Apache Software Foundation

 / 
[2022-06-22 16:39:27,354 DEBUG Engine] New artifact filename: /Users/rismanda.kusumadewi/sample_app/2022-06-22_16-39-15.647094/kpi.jtl
[2022-06-22 16:39:27,355 DEBUG Engine] New artifact filename: /Users/rismanda.kusumadewi/sample_app/2022-06-22_16-39-15.647094/error.jtl
[2022-06-22 16:39:27,356 DEBUG Engine.jmeter.LoadSettingsProcessor] Load: LoadSpec(concurrency=10, throughput=None, ramp_up=60.0, hold=300.0, iterations=0, duration=360.0, steps=None)
[2022-06-22 16:39:27,359 DEBUG Engine.jmeter.LoadSettingsProcessor.ThreadGroupHandler] Converting ThreadGroup (Thread Group) to ConcurrencyThreadGroup and apply load parameters
[2022-06-22 16:39:27,360 DEBUG Engine] New artifact filename: /Users/rismanda.kusumadewi/sample_app/2022-06-22_16-39-15.647094/modified_requests.jmx
[2022-06-22 16:39:27,360 DEBUG JMX] Saving JMX to: /Users/rismanda.kusumadewi/sample_app/2022-06-22_16-39-15.647094/modified_requests.jmx
[2022-06-22 16:39:27,362 DEBUG root] Executing shell: ['/Users/rismanda.kusumadewi/.bzt/jmeter-taurus/5.4.2/bin/PluginsManagerCMD.sh', 'install-for-jmx', '/Users/rismanda.kusumadewi/sample_app/2022-06-22_16-39-15.647094/modified_requests.jmx'] at .
[2022-06-22 16:39:33,343 DEBUG Engine.jmeter.JMeter] Try to detect plugins for /Users/rismanda.kusumadewi/sample_app/2022-06-22_16-39-15.647094/modified_requests.jmx
2022-06-22 16:39:28,686 INFO o.j.r.PluginManagerCMD: Command is: install-for-jmx
2022-06-22 16:39:28,829 INFO o.j.r.JARSourceHTTP: Requesting https://jmeter-plugins.org/repo/?installID=mac_os_x-788ba86778ae590ff2cb88bc6f82d6d9-nongui
2022-06-22 16:39:31,652 INFO o.j.r.PluginManager: Plugins Status: [jpgc-functions=2.1, jpgc-casutg=2.10, jpgc-dummy=0.4, jpgc-ffw=2.0, jpgc-fifo=0.2, jpgc-json=2.7, jpgc-prmctl=0.4, jpgc-perfmon=2.1, jpgc-plugins-manager=1.3, jpgc-tst=2.5, jmeter-core=5.4.2, jmeter-ftp=5.4.2, jmeter-http=5.4.2, jmeter-jdbc=5.4.2, jmeter-jms=5.4.2, jmeter-junit=5.4.2, jmeter-java=5.4.2, jmeter-ldap=5.4.2, jmeter-mail=5.4.2, jmeter-mongodb=5.4.2, jmeter-native=5.4.2, jmeter-tcp=5.4.2, jmeter-components=5.4.2]
2022-06-22 16:39:31,659 INFO o.j.r.PluginManagerCMD: Params line is: /Users/rismanda.kusumadewi/sample_app/2022-06-22_16-39-15.647094/modified_requests.jmx
2022-06-22 16:39:32,134 INFO o.a.j.s.SaveService: Testplan (JMX) version: 2.2. Testlog (JTL) version: 2.2
2022-06-22 16:39:32,159 INFO o.a.j.s.SaveService: Using SaveService properties version 5.0
2022-06-22 16:39:32,165 INFO o.a.j.s.SaveService: Using SaveService properties file encoding UTF-8
2022-06-22 16:39:32,542 INFO o.a.j.p.h.c.CacheManager: Will only cache the following methods: [GET]
2022-06-22 16:39:32,550 INFO o.a.j.p.h.c.CookieManager: Settings: Delete null: true Check: true Allow variable: true Save: false Prefix: COOKIE_
2022-06-22 16:39:32,587 INFO o.a.j.p.h.s.HTTPSamplerBase: Parser for text/html is org.apache.jmeter.protocol.http.parser.LagartoBasedHtmlParser
2022-06-22 16:39:32,587 INFO o.a.j.p.h.s.HTTPSamplerBase: Parser for application/xhtml+xml is org.apache.jmeter.protocol.http.parser.LagartoBasedHtmlParser
2022-06-22 16:39:32,587 INFO o.a.j.p.h.s.HTTPSamplerBase: Parser for application/xml is org.apache.jmeter.protocol.http.parser.LagartoBasedHtmlParser
2022-06-22 16:39:32,587 INFO o.a.j.p.h.s.HTTPSamplerBase: Parser for text/xml is org.apache.jmeter.protocol.http.parser.LagartoBasedHtmlParser
2022-06-22 16:39:32,587 INFO o.a.j.p.h.s.HTTPSamplerBase: Parser for text/vnd.wap.wml is org.apache.jmeter.protocol.http.parser.RegexpHTMLParser
2022-06-22 16:39:32,588 INFO o.a.j.p.h.s.HTTPSamplerBase: Parser for text/css is org.apache.jmeter.protocol.http.parser.CssParser
2022-06-22 16:39:32,954 INFO o.j.r.PluginManager: Finishing without changes


[2022-06-22 16:39:33,344 DEBUG Engine] New artifact filename: /Users/rismanda.kusumadewi/sample_app/2022-06-22_16-39-15.647094/jmeter.out
[2022-06-22 16:39:33,344 DEBUG Engine] New artifact filename: /Users/rismanda.kusumadewi/sample_app/2022-06-22_16-39-15.647094/jmeter.err
[2022-06-22 16:39:33,346 DEBUG Engine] Module config: final-stats {'class': 'bzt.modules.reporting.FinalStatus'}
[2022-06-22 16:39:33,346 DEBUG root] Importing module: bzt.modules.reporting
[2022-06-22 16:39:33,383 DEBUG easyprocess] version=1.1
[2022-06-22 16:39:33,386 DEBUG pyvirtualdisplay] version=2.2
[2022-06-22 16:39:33,389 DEBUG root] Loading class: 'FinalStatus' from <module 'bzt.modules.reporting' from '/usr/local/Cellar/bzt/1.16.3/libexec/lib/python3.9/site-packages/bzt/modules/reporting.py'>
[2022-06-22 16:39:33,390 DEBUG Engine] Module config: console {'class': 'bzt.modules.console.ConsoleStatusReporter'}
[2022-06-22 16:39:33,390 DEBUG root] Importing module: bzt.modules.console
[2022-06-22 16:39:33,390 DEBUG root] Loading class: 'ConsoleStatusReporter' from <module 'bzt.modules.console' from '/usr/local/Cellar/bzt/1.16.3/libexec/lib/python3.9/site-packages/bzt/modules/console.py'>
[2022-06-22 16:39:33,390 DEBUG Engine] Module config: blazemeter {'class': 'bzt.modules.blazemeter.BlazeMeterUploader'}
[2022-06-22 16:39:33,390 DEBUG root] Importing module: bzt.modules.blazemeter
[2022-06-22 16:39:33,390 DEBUG root] Loading class: 'BlazeMeterUploader' from <module 'bzt.modules.blazemeter' from '/usr/local/Cellar/bzt/1.16.3/libexec/lib/python3.9/site-packages/bzt/modules/blazemeter/__init__.py'>
[2022-06-22 16:39:33,397 WARNING Engine.blazemeter] No BlazeMeter API key provided, will upload anonymously
[2022-06-22 16:39:33,397 DEBUG Engine.blazemeter] Installing http client
[2022-06-22 16:39:33,397 DEBUG User] Request: GET https://a.blazemeter.com/api/v4/web/version None
[2022-06-22 16:39:33,397 DEBUG HTTPClient] Making HTTP request GET https://a.blazemeter.com/api/v4/web/version
[2022-06-22 16:39:33,794 DEBUG urllib3.connectionpool] Starting new HTTPS connection (1): a.blazemeter.com:443
[2022-06-22 16:39:34,750 DEBUG urllib3.connectionpool] https://a.blazemeter.com:443 "GET /api/v4/web/version HTTP/1.1" 200 260
[2022-06-22 16:39:34,754 DEBUG User] Response [200]: {
    "api_version": 4,
    "error": null,
    "result": "BACKEND-CI/release-2022-06-07 3 release-2022-06-07 46f219af142d87c00740d54087e4fd1b0c24e3c1 Wed Jun 8 22:12:59 2022 +0300 46f219af142d87c00740d54087e4fd1b0c24e3c1\n",
    "request_id": "62b2e356b300
[2022-06-22 16:39:34,756 DEBUG Engine.Configuration] Dumping YAML config into /Users/rismanda.kusumadewi/sample_app/2022-06-22_16-39-15.647094/effective.yml
[2022-06-22 16:39:34,773 DEBUG Engine.Configuration] Dumping JSON config into /Users/rismanda.kusumadewi/sample_app/2022-06-22_16-39-15.647094/effective.json
[2022-06-22 16:39:34,774 INFO Engine] Starting...
[2022-06-22 16:39:34,774 DEBUG Engine] Startup <bzt.modules.monitoring.Monitoring object at 0x107c18250>
[2022-06-22 16:39:34,774 DEBUG Engine] Startup <bzt.modules.aggregator.ConsolidatingAggregator object at 0x107c460a0>
[2022-06-22 16:39:34,774 DEBUG Engine] Startup <bzt.modules.reporting.FinalStatus object at 0x10b1d30a0>
[2022-06-22 16:39:34,774 DEBUG Engine] Startup <bzt.modules.console.ConsoleStatusReporter object at 0x10b1d3370>
[2022-06-22 16:39:34,774 INFO Engine.console] Waiting for results...
[2022-06-22 16:39:34,775 DEBUG Engine] Startup <bzt.modules.blazemeter.blazemeter_reporter.BlazeMeterUploader object at 0x10b1f15e0>
[2022-06-22 16:39:34,775 INFO Engine.blazemeter] Initiating data feeding...
[2022-06-22 16:39:34,775 DEBUG User] Request: POST https://a.blazemeter.com/api/v4/sessions None
[2022-06-22 16:39:34,775 DEBUG HTTPClient] Making HTTP request POST https://a.blazemeter.com/api/v4/sessions
[2022-06-22 16:39:35,180 DEBUG urllib3.connectionpool] https://a.blazemeter.com:443 "POST /api/v4/sessions HTTP/1.1" 201 3791
[2022-06-22 16:39:35,181 DEBUG User] Response [201]: {
    "api_version": 4,
    "error": null,
    "result": {
        "session": {
            "id": "r-ext-62b2e3570bc51311978856",
            "name": "external",
            "userId": 386483,
            "publicToken": "xkElyyw17JfMzyp4SaPjqY6NmV0zqNlDrY4F
[2022-06-22 16:39:35,181 INFO Engine.blazemeter] Started data feeding: https://a.blazemeter.com/app/?public-token=xkElyyw17JfMzyp4SaPjqY6NmV0zqNlDrY4FIRRAShkfkwMZLz#reports/r-ext-62b2e3570bc51311978856/summary
[2022-06-22 16:39:35,812 DEBUG Engine] Startup <bzt.modules.provisioning.Local object at 0x107c18280>
[2022-06-22 16:39:35,813 DEBUG Engine.local] Delay setup for jmeter/Thread Group: 0(start-at) + 0(delay) = 0
[2022-06-22 16:39:35,816 DEBUG Engine.Configuration] Dumping YAML config into /Users/rismanda.kusumadewi/sample_app/2022-06-22_16-39-15.647094/effective.yml
[2022-06-22 16:39:35,862 DEBUG Engine.Configuration] Dumping JSON config into /Users/rismanda.kusumadewi/sample_app/2022-06-22_16-39-15.647094/effective.json
[2022-06-22 16:39:35,864 DEBUG root] Leveling down log file verbosity to INFO, use -v option to have DEBUG messages enabled
[2022-06-22 16:39:35,864 DEBUG root] Leveled up log file verbosity
[2022-06-22 16:39:35,867 DEBUG Engine] New artifact filename: /Users/rismanda.kusumadewi/sample_app/2022-06-22_16-39-15.647094/GRACEFUL
[2022-06-22 16:39:35,867 DEBUG root] Executing shell: ['/Users/rismanda.kusumadewi/.bzt/jmeter-taurus/5.4.2/bin/jmeter.sh', '-t', '/Users/rismanda.kusumadewi/sample_app/2022-06-22_16-39-15.647094/modified_requests.jmx', '-j', '/Users/rismanda.kusumadewi/sample_app/2022-06-22_16-39-15.647094/jmeter.log', '-q', '/Users/rismanda.kusumadewi/sample_app/2022-06-22_16-39-15.647094/jmeter-bzt.properties', '-n', '-S', '/Users/rismanda.kusumadewi/sample_app/2022-06-22_16-39-15.647094/system.properties'] at /Users/rismanda.kusumadewi/sample_app
[2022-06-22 16:39:35,883 DEBUG Engine.local] Starting execution: jmeter/Thread Group, rest of available slots: 9223372036854775806
[2022-06-22 16:39:35,884 DEBUG root] Leveling down log file verbosity to INFO, use -v option to have DEBUG messages enabled
[2022-06-22 16:39:36,130 INFO Engine.console] Waiting for finish...
[2022-06-22 16:45:42,041 WARNING Engine] Please wait for graceful shutdown...
[2022-06-22 16:45:42,053 DEBUG root] Leveled up log file verbosity
[2022-06-22 16:45:42,053 INFO Engine] Shutting down...
[2022-06-22 16:45:42,071 DEBUG Engine] Current stop reason: None
[2022-06-22 16:45:42,072 DEBUG Engine.local] Shutdown jmeter/Thread Group
[2022-06-22 16:45:42,072 DEBUG Engine.console] Restoring logging streams, [<StreamHandler (INFO)>]/{<StreamHandler (INFO)>: <_io.TextIOWrapper name='<stdout>' mode='w' encoding='utf-8'>}
[2022-06-22 16:45:42,079 DEBUG Engine.Configuration] Dumping YAML config into /Users/rismanda.kusumadewi/sample_app/2022-06-22_16-39-15.647094/effective.yml
[2022-06-22 16:45:42,110 DEBUG Engine.Configuration] Dumping JSON config into /Users/rismanda.kusumadewi/sample_app/2022-06-22_16-39-15.647094/effective.json
[2022-06-22 16:45:42,111 INFO Engine] Post-processing...
[2022-06-22 16:45:42,111 DEBUG Engine.local] Post-process jmeter/Thread Group
[2022-06-22 16:45:42,111 DEBUG Engine] Add existing artifact (move=True): /Users/rismanda.kusumadewi/sample_app/2022-06-22_16-39-15.647094/modified_requests.jmx
[2022-06-22 16:45:42,112 DEBUG Engine] No need to copy /Users/rismanda.kusumadewi/sample_app/2022-06-22_16-39-15.647094/modified_requests.jmx
[2022-06-22 16:45:42,117 DEBUG Engine.jmeter.JTLReader] Buffer len: 2; Known errors count: 0
[2022-06-22 16:45:42,117 DEBUG Engine.jmeter.JTLReader] Aggregating: 1655891138, 2 in buffer
[2022-06-22 16:45:42,120 DEBUG Engine.jmeter.JTLReader] Aggregating: 1655891139, 1 in buffer
[2022-06-22 16:45:42,127 DEBUG Engine.jmeter.JTLReader] Buffer len: 0; Known errors count: 0
[2022-06-22 16:45:42,128 DEBUG Engine.consolidator] Consolidator buffer[4]: dict_keys([1655891136, 1655891137, 1655891138, 1655891139])
[2022-06-22 16:45:42,128 DEBUG Engine.consolidator] Merging into 1655891136
[2022-06-22 16:45:42,128 DEBUG Engine.consolidator] Bypassing consolidation because of single result
[2022-06-22 16:45:42,195 DEBUG Engine.consolidator] Processed datapoint: 1655891136/ConsolidatingAggregator@4425277600
[2022-06-22 16:45:42,195 DEBUG Engine.consolidator] Merging into 1655891137
[2022-06-22 16:45:42,195 DEBUG Engine.consolidator] Bypassing consolidation because of single result
[2022-06-22 16:45:42,243 DEBUG Engine.consolidator] Processed datapoint: 1655891137/ConsolidatingAggregator@4425277600
[2022-06-22 16:45:42,244 DEBUG Engine.consolidator] Merging into 1655891138
[2022-06-22 16:45:42,244 DEBUG Engine.consolidator] Bypassing consolidation because of single result
[2022-06-22 16:45:42,292 DEBUG Engine.consolidator] Processed datapoint: 1655891138/ConsolidatingAggregator@4425277600
[2022-06-22 16:45:42,292 DEBUG Engine.consolidator] Merging into 1655891139
[2022-06-22 16:45:42,292 DEBUG Engine.consolidator] Bypassing consolidation because of single result
[2022-06-22 16:45:42,390 DEBUG Engine.consolidator] Processed datapoint: 1655891139/ConsolidatingAggregator@4425277600
[2022-06-22 16:45:42,395 INFO Engine.final-stats] Test duration: 0:06:08
[2022-06-22 16:45:42,395 INFO Engine.final-stats] Samples count: 48139, 0.00% failures
[2022-06-22 16:45:42,396 INFO Engine.final-stats] Average times: total 0.068, latency 0.033, connect 0.003
[2022-06-22 16:45:42,402 INFO Engine.final-stats] Percentiles:
+---------------+---------------+
| Percentile, % | Resp. Time, s |
+---------------+---------------+
|           0.0 |         0.005 |
|          50.0 |         0.044 |
|          90.0 |         0.112 |
|          95.0 |         0.211 |
|          99.0 |         0.488 |
|          99.9 |         1.081 |
|         100.0 |         1.739 |
+---------------+---------------+
[2022-06-22 16:45:42,402 INFO Engine.final-stats] Request label stats:
+------------+--------+---------+--------+-------+
| label      | status |    succ | avg_rt | error |
+------------+--------+---------+--------+-------+
| sample-app |   OK   | 100.00% |  0.068 |       |
+------------+--------+---------+--------+-------+
[2022-06-22 16:45:42,402 DEBUG Engine.console] No logger_handler or orig_stream was detected
[2022-06-22 16:45:42,402 DEBUG Engine.blazemeter] KPI bulk buffer len in post-proc: 31
[2022-06-22 16:45:42,402 INFO Engine.blazemeter] Sending remaining KPI data to server...
[2022-06-22 16:45:42,634 DEBUG User] Request: POST https://data.blazemeter.com/submit.php?session_id=r-ext-62b2e3570bc51311978856&signature=ci1leHQtNjJiMmUzNTcwYmM1MTMxMTk3ODg1NjoxNjU3MTAwMzc1OjFkYzUyYmI5MjNiYzA4YjcwOTljYWIyODI4ZThlYmEwNTNjNWFlMWRhZTI3YTdkYzVmZDVjNjE0NDc5MjIwMjRlZDEyZmJlNWUyMGU5MzgyODhmZGM1YTI1NjM0OWNmYzZhNTZhNDUxNmYxYWQ0YWRiYmI4NTU0YWQ3OTI5MjFk&test_id=11180084&user_id=386483&pq=0&target=labels_bulk&update=1 b'{\n "labels": [\n  {\n   "n": 48139,\n   "name": "ALL",\n   "interval": 1,\n   "intervals": [\n    {\n     "ec": 0,\n     "ts": 1655891109,\n     "na": 10,\n     "n": 187,\n     "failed": 0,\n     "rc": [\n      {\n       "n": 187,\n       "f": [],\n       "rc": "200"\n    '
[2022-06-22 16:45:42,634 DEBUG HTTPClient] Making HTTP request POST https://data.blazemeter.com/submit.php?session_id=r-ext-62b2e3570bc51311978856&signature=ci1leHQtNjJiMmUzNTcwYmM1MTMxMTk3ODg1NjoxNjU3MTAwMzc1OjFkYzUyYmI5MjNiYzA4YjcwOTljYWIyODI4ZThlYmEwNTNjNWFlMWRhZTI3YTdkYzVmZDVjNjE0NDc5MjIwMjRlZDEyZmJlNWUyMGU5MzgyODhmZGM1YTI1NjM0OWNmYzZhNTZhNDUxNmYxYWQ0YWRiYmI4NTU0YWQ3OTI5MjFk&test_id=11180084&user_id=386483&pq=0&target=labels_bulk&update=1
[2022-06-22 16:45:43,537 DEBUG urllib3.connectionpool] https://data.blazemeter.com:443 "POST /submit.php?session_id=r-ext-62b2e3570bc51311978856&signature=ci1leHQtNjJiMmUzNTcwYmM1MTMxMTk3ODg1NjoxNjU3MTAwMzc1OjFkYzUyYmI5MjNiYzA4YjcwOTljYWIyODI4ZThlYmEwNTNjNWFlMWRhZTI3YTdkYzVmZDVjNjE0NDc5MjIwMjRlZDEyZmJlNWUyMGU5MzgyODhmZGM1YTI1NjM0OWNmYzZhNTZhNDUxNmYxYWQ0YWRiYmI4NTU0YWQ3OTI5MjFk&test_id=11180084&user_id=386483&pq=0&target=labels_bulk&update=1 HTTP/1.1" 200 149
[2022-06-22 16:45:43,697 DEBUG User] Response [200]: {"api_version":2,"error":null,"result":{"session":{"_id":"r-ext-62b2e3570bc51311978856","name":"external","statusCode":100,"status":"INITIALIZING"}}}
[2022-06-22 16:45:43,739 DEBUG User] Request: POST https://data.blazemeter.com/api/v4/image/r-ext-62b2e3570bc51311978856/files?signature=ci1leHQtNjJiMmUzNTcwYmM1MTMxMTk3ODg1NjoxNjU3MTAwMzc1OjFkYzUyYmI5MjNiYzA4YjcwOTljYWIyODI4ZThlYmEwNTNjNWFlMWRhZTI3YTdkYzVmZDVjNjE0NDc5MjIwMjRlZDEyZmJlNWUyMGU5MzgyODhmZGM1YTI1NjM0OWNmYzZhNTZhNDUxNmYxYWQ0YWRiYmI4NTU0YWQ3OTI5MjFk&masterId=63285818 b'--===============3515142875703424627==\r\nContent-Disposition: file; name="file"; filename="r-ext-62b2e3570bc51311978856-0-c.monitoring.json"\r\nContent-Type: application/json\r\n\r\n{\n "reportInfo": {\n  "sessionId": "r-ext-62b2e3570bc51311978856",\n  "timestamp": '
[2022-06-22 16:45:43,739 DEBUG HTTPClient] Making HTTP request POST https://data.blazemeter.com/api/v4/image/r-ext-62b2e3570bc51311978856/files?signature=ci1leHQtNjJiMmUzNTcwYmM1MTMxMTk3ODg1NjoxNjU3MTAwMzc1OjFkYzUyYmI5MjNiYzA4YjcwOTljYWIyODI4ZThlYmEwNTNjNWFlMWRhZTI3YTdkYzVmZDVjNjE0NDc5MjIwMjRlZDEyZmJlNWUyMGU5MzgyODhmZGM1YTI1NjM0OWNmYzZhNTZhNDUxNmYxYWQ0YWRiYmI4NTU0YWQ3OTI5MjFk&masterId=63285818
[2022-06-22 16:45:45,574 DEBUG urllib3.connectionpool] https://data.blazemeter.com:443 "POST /api/v4/image/r-ext-62b2e3570bc51311978856/files?signature=ci1leHQtNjJiMmUzNTcwYmM1MTMxMTk3ODg1NjoxNjU3MTAwMzc1OjFkYzUyYmI5MjNiYzA4YjcwOTljYWIyODI4ZThlYmEwNTNjNWFlMWRhZTI3YTdkYzVmZDVjNjE0NDc5MjIwMjRlZDEyZmJlNWUyMGU5MzgyODhmZGM1YTI1NjM0OWNmYzZhNTZhNDUxNmYxYWQ0YWRiYmI4NTU0YWQ3OTI5MjFk&masterId=63285818 HTTP/1.1" 200 160
[2022-06-22 16:45:45,575 DEBUG User] Response [200]: {
    "api_version": 4,
    "error": null,
    "result": [
        "r-ext-62b2e3570bc51311978856-0-c.monitoring.json"
    ],
    "request_id": "62b2e4c929fc3"
}
[2022-06-22 16:45:45,575 DEBUG Engine.blazemeter] Set last check time to: 1655890773.3909
[2022-06-22 16:45:45,575 INFO Engine.blazemeter] Ending data feeding...
[2022-06-22 16:45:45,575 DEBUG User] Request: POST https://a.blazemeter.com/api/v4/sessions/r-ext-62b2e3570bc51311978856/terminate-external {
 "signature": "ci1leHQtNjJiMmUzNTcwYmM1MTMxMTk3ODg1NjoxNjU3MTAwMzc1OjFkYzUyYmI5MjNiYzA4YjcwOTljYWIyODI4ZThlYmEwNTNjNWFlMWRhZTI3YTdkYzVmZDVjNjE0NDc5MjIwMjRlZDEyZmJlNWUyMGU5MzgyODhmZGM1YTI1NjM0OWNmYzZhNTZhNDUxNmYxYWQ0YWRiYmI4NTU0YWQ3OTI5MjFk",
 "testId": 1
[2022-06-22 16:45:45,575 DEBUG HTTPClient] Making HTTP request POST https://a.blazemeter.com/api/v4/sessions/r-ext-62b2e3570bc51311978856/terminate-external
[2022-06-22 16:45:45,578 DEBUG urllib3.connectionpool] Resetting dropped connection: a.blazemeter.com
[2022-06-22 16:45:46,857 DEBUG urllib3.connectionpool] https://a.blazemeter.com:443 "POST /api/v4/sessions/r-ext-62b2e3570bc51311978856/terminate-external HTTP/1.1" 200 2084
[2022-06-22 16:45:46,858 DEBUG User] Response [200]: {
    "api_version": 4,
    "error": null,
    "result": {
        "success": "Terminating",
        "session": {
            "id": "r-ext-62b2e3570bc51311978856",
            "name": "external",
            "userId": 386483,
            "publicToken": "xk
[2022-06-22 16:45:46,858 INFO Engine.blazemeter] Online report link: https://a.blazemeter.com/app/?public-token=xkElyyw17JfMzyp4SaPjqY6NmV0zqNlDrY4FIRRAShkfkwMZLz#reports/r-ext-62b2e3570bc51311978856/summary
[2022-06-22 16:45:46,859 DEBUG Engine.Configuration] Dumping YAML config into /Users/rismanda.kusumadewi/sample_app/2022-06-22_16-39-15.647094/effective.yml
[2022-06-22 16:45:46,877 DEBUG Engine.Configuration] Dumping JSON config into /Users/rismanda.kusumadewi/sample_app/2022-06-22_16-39-15.647094/effective.json
[2022-06-22 16:45:46,878 INFO root] Artifacts dir: /Users/rismanda.kusumadewi/sample_app/2022-06-22_16-39-15.647094
[2022-06-22 16:45:46,879 INFO root] Done performing with code: 0
[2022-06-22 16:45:46,879 DEBUG root] Closing log handler: /Users/rismanda.kusumadewi/sample_app/2022-06-22_16-39-15.647094/bzt.log
